<?xml version="1.0" encoding="UTF-8"?>
<!-- Generated by org.testng.reporters.JUnitXMLReporter -->
<testsuite ignored="0" hostname="LAPTOP-MOVMMQ0Q" failures="0" tests="4" name="Default test" time="37.337" errors="0" timestamp="2024-02-10T18:11:12 IST">
  <testcase classname="test.LensKartTest" name="test1" time="1.946"/>
  <testcase classname="test.LensKartTest" name="test2" time="11.324"/>
  <testcase classname="test.LensKartTest" name="test3" time="5.435"/>
  <testcase classname="test.LensKartTest" name="test4" time="3.533"/>
</testsuite> <!-- Default test -->
