<?xml version="1.0" encoding="UTF-8"?>
<testng-results ignored="0" total="4" passed="4" failed="0" skipped="0">
  <reporter-output>
  </reporter-output>
  <suite started-at="2024-02-10T18:10:35 IST" name="Default suite" finished-at="2024-02-10T18:11:12 IST" duration-ms="37337">
    <groups>
    </groups>
    <test started-at="2024-02-10T18:10:35 IST" name="Default test" finished-at="2024-02-10T18:11:12 IST" duration-ms="37337">
      <class name="test.LensKartTest">
        <test-method is-config="true" signature="setup()[pri:0, instance:test.LensKartTest@72967906]" started-at="2024-02-10T18:10:35 IST" name="setup" finished-at="2024-02-10T18:10:36 IST" duration-ms="1665" status="PASS">
          <reporter-output>
          </reporter-output>
        </test-method> <!-- setup -->
        <test-method is-config="true" signature="url()[pri:0, instance:test.LensKartTest@72967906]" started-at="2024-02-10T18:10:36 IST" name="url" finished-at="2024-02-10T18:10:44 IST" duration-ms="7949" status="PASS">
          <reporter-output>
          </reporter-output>
        </test-method> <!-- url -->
        <test-method signature="test1()[pri:0, instance:test.LensKartTest@72967906]" started-at="2024-02-10T18:10:44 IST" name="test1" finished-at="2024-02-10T18:10:46 IST" duration-ms="1946" status="PASS">
          <reporter-output>
          </reporter-output>
        </test-method> <!-- test1 -->
        <test-method is-config="true" signature="url()[pri:0, instance:test.LensKartTest@72967906]" started-at="2024-02-10T18:10:46 IST" name="url" finished-at="2024-02-10T18:10:48 IST" duration-ms="2004" status="PASS">
          <reporter-output>
          </reporter-output>
        </test-method> <!-- url -->
        <test-method signature="test2()[pri:0, instance:test.LensKartTest@72967906]" started-at="2024-02-10T18:10:48 IST" name="test2" finished-at="2024-02-10T18:11:00 IST" duration-ms="11324" status="PASS">
          <reporter-output>
          </reporter-output>
        </test-method> <!-- test2 -->
        <test-method is-config="true" signature="url()[pri:0, instance:test.LensKartTest@72967906]" started-at="2024-02-10T18:11:00 IST" name="url" finished-at="2024-02-10T18:11:01 IST" duration-ms="1735" status="PASS">
          <reporter-output>
          </reporter-output>
        </test-method> <!-- url -->
        <test-method signature="test3()[pri:0, instance:test.LensKartTest@72967906]" started-at="2024-02-10T18:11:01 IST" name="test3" finished-at="2024-02-10T18:11:07 IST" duration-ms="5435" status="PASS">
          <reporter-output>
          </reporter-output>
        </test-method> <!-- test3 -->
        <test-method is-config="true" signature="url()[pri:0, instance:test.LensKartTest@72967906]" started-at="2024-02-10T18:11:07 IST" name="url" finished-at="2024-02-10T18:11:09 IST" duration-ms="1685" status="PASS">
          <reporter-output>
          </reporter-output>
        </test-method> <!-- url -->
        <test-method signature="test4()[pri:0, instance:test.LensKartTest@72967906]" started-at="2024-02-10T18:11:09 IST" name="test4" finished-at="2024-02-10T18:11:12 IST" duration-ms="3533" status="PASS">
          <reporter-output>
          </reporter-output>
        </test-method> <!-- test4 -->
      </class> <!-- test.LensKartTest -->
    </test> <!-- Default test -->
  </suite> <!-- Default suite -->
</testng-results>
